Cocos2d: 
<dict>
	cocos2d.x.version: 2.2.1
	cocos2d.x.compiled_with_profiler: false
	cocos2d.x.compiled_with_gl_state_cache: true
	gl.vendor: Intel Inc.
	gl.renderer: Intel Iris OpenGL Engine
	gl.version: 2.1 INTEL-8.24.12
	gl.max_texture_size: 16384
	gl.max_texture_units: 16
	gl.supports_PVRTC: false
	gl.supports_NPOT: true
	gl.supports_BGRA8888: false
	gl.supports_discard_framebuffer: false
	gl.supports_vertex_array_object: true
</dict>
Cocos2d: lua_loadChunksFromZIP() - load zip file: /Users/heyao/Desktop/WorkSpace/quick-cocos2d-x-2.2.1-rc/lib/framework_precompiled/framework_precompiled.zip
Cocos2d: lua_loadChunksFromZIP() - loaded chunks count: 54
Cocos2d: ------------------------------------------------
Cocos2d: LOAD LUA FILE: /Users/heyao/Desktop/WorkSpace/git/twoTadpole/scripts/main.lua
Cocos2d: ------------------------------------------------
Cocos2d: [0.0536] [INFO] 
Cocos2d: [0.0540] [INFO] # DEBUG                        = 2
Cocos2d: [0.0540] [INFO] #
Cocos2d: [0.0541] [INFO] # device.platform              = mac
Cocos2d: [0.0541] [INFO] # device.model                 = unknown
Cocos2d: [0.0541] [INFO] # device.language              = cn
Cocos2d: [0.0543] [INFO] # device.writablePath          = /Users/heyao/Desktop/WorkSpace/git/twoTadpole/
Cocos2d: [0.0543] [INFO] # device.cachePath             = /Users/heyao/Desktop/WorkSpace/git/twoTadpole/
Cocos2d: [0.0543] [INFO] # device.directorySeparator    = /
Cocos2d: [0.0544] [INFO] # device.pathSeparator         = :
Cocos2d: [0.0544] [INFO] #
Cocos2d: [0.0557] [INFO] # CONFIG_SCREEN_AUTOSCALE      = FIXED_WIDTH
Cocos2d: [0.0558] [INFO] # CONFIG_SCREEN_WIDTH          = 640.00
Cocos2d: [0.0558] [INFO] # CONFIG_SCREEN_HEIGHT         = 960.00
Cocos2d: [0.0558] [INFO] # display.widthInPixels        = 640.00
Cocos2d: [0.0558] [INFO] # display.heightInPixels       = 960.00
Cocos2d: [0.0558] [INFO] # display.contentScaleFactor   = 1.00
Cocos2d: [0.0558] [INFO] # display.width                = 640.00
Cocos2d: [0.0558] [INFO] # display.height               = 960.00
Cocos2d: [0.0558] [INFO] # display.cx                   = 320.00
Cocos2d: [0.0558] [INFO] # display.cy                   = 480.00
Cocos2d: [0.0558] [INFO] # display.left                 = 0.00
Cocos2d: [0.0558] [INFO] # display.right                = 640.00
Cocos2d: [0.0558] [INFO] # display.top                  = 960.00
Cocos2d: [0.0558] [INFO] # display.bottom               = 0.00
Cocos2d: [0.0558] [INFO] # display.c_left               = -320.00
Cocos2d: [0.0558] [INFO] # display.c_right              = 320.00
Cocos2d: [0.0558] [INFO] # display.c_top                = 480.00
Cocos2d: [0.0558] [INFO] # display.c_bottom             = -480.00
Cocos2d: [0.0558] [INFO] #
Initializing cpSpace - Chipmunk v6.1.4 (Debug Enabled)
Compile with -DNDEBUG defined to disable debug mode and runtime assertion checks
Cocos2d: [0.2228] [INFO] Scene "GameScene:onEnter()"
Cocos2d: [8.6684] right
Cocos2d: [10.5111] [INFO] LUA VM MEMORY USED: 1338.96 KB
Cocos2d: [14.3889] left
Cocos2d: [15.0732] left
Cocos2d: [20.5277] [INFO] LUA VM MEMORY USED: 1356.94 KB
Cocos2d: [20.6820] right
Cocos2d: [23.7401] left
Cocos2d: [26.0165] left
Cocos2d: [28.8478] right
Cocos2d: [30.5279] [INFO] LUA VM MEMORY USED: 1371.68 KB
Cocos2d: [31.2901] left
Cocos2d: [31.2949] left
